<?xml version="1.0" encoding="UTF-8"?>
<!-- Generated by org.testng.reporters.JUnitReportReporter -->
<testsuite hostname="DESKTOP-8236VH0" failures="0" tests="1" name="TestScript.SampleTest" time="5.551" errors="0" timestamp="2024-02-09T14:50:40 IST" skipped="0">
  <testcase classname="TestScript.SampleTest" name="loginToDemoWeb" time="5.551"/>
  <system-out>
    <![CDATA[successful]]>
  </system-out>
</testsuite> <!-- TestScript.SampleTest -->
